DEBUG: Processing expression: '* * * * *'
DEBUG: AST for '* * * * *':
root=root, type=root, field_type=undef
  single=single, value=0, type=single, field_type=second
  wildcard=wildcard, value=*, type=wildcard, field_type=minute
  wildcard=wildcard, value=*, type=wildcard, field_type=hour
  wildcard=wildcard, value=*, type=wildcard, field_type=dom
  wildcard=wildcard, value=*, type=wildcard, field_type=month
  unspecified=unspecified, value=?, type=unspecified, field_type=dow
  wildcard=wildcard, value=*, type=wildcard, field_type=year

DEBUG: Generating description for '* * * * *'
DEBUG: Checking is_match for '* * * * *' at epoch 1761177600
DEBUG: Processing expression: '* * * * MON,TUE,WED'
SELF list : $VAR1 = bless( {
                 'type' => 'list'
               }, 'Cron::Toolkit::Tree::CompositePattern' );
SELF list : $VAR1 = bless( {
                 'children' => [
                                 bless( {
                                          'value' => 2,
                                          'type' => 'single'
                                        }, 'Cron::Toolkit::Tree::LeafPattern' )
                               ],
                 'type' => 'list'
               }, 'Cron::Toolkit::Tree::CompositePattern' );
SELF list : $VAR1 = bless( {
                 'children' => [
                                 bless( {
                                          'value' => 2,
                                          'type' => 'single'
                                        }, 'Cron::Toolkit::Tree::LeafPattern' ),
                                 bless( {
                                          'type' => 'single',
                                          'value' => 3
                                        }, 'Cron::Toolkit::Tree::LeafPattern' )
                               ],
                 'type' => 'list'
               }, 'Cron::Toolkit::Tree::CompositePattern' );
SELF list : $VAR1 = bless( {
                 'type' => 'list'
               }, 'Cron::Toolkit::Tree::CompositePattern' );
SELF list : $VAR1 = bless( {
                 'children' => [
                                 bless( {
                                          'type' => 'single',
                                          'value' => '2'
                                        }, 'Cron::Toolkit::Tree::LeafPattern' )
                               ],
                 'type' => 'list'
               }, 'Cron::Toolkit::Tree::CompositePattern' );
SELF list : $VAR1 = bless( {
                 'children' => [
                                 bless( {
                                          'type' => 'single',
                                          'value' => '2'
                                        }, 'Cron::Toolkit::Tree::LeafPattern' ),
                                 bless( {
                                          'value' => '3',
                                          'type' => 'single'
                                        }, 'Cron::Toolkit::Tree::LeafPattern' )
                               ],
                 'type' => 'list'
               }, 'Cron::Toolkit::Tree::CompositePattern' );
DEBUG: AST for '* * * * MON,TUE,WED':
root=root, type=root, field_type=undef
  single=single, value=0, type=single, field_type=second
  wildcard=wildcard, value=*, type=wildcard, field_type=minute
  wildcard=wildcard, value=*, type=wildcard, field_type=hour
  unspecified=unspecified, value=?, type=unspecified, field_type=dom
  wildcard=wildcard, value=*, type=wildcard, field_type=month
  list=list, type=list, field_type=dow
    single=single, value=2, type=single, field_type=undef
    single=single, value=3, type=single, field_type=undef
    single=single, value=4, type=single, field_type=undef
  wildcard=wildcard, value=*, type=wildcard, field_type=year

DEBUG: Generating description for '* * * * MON,TUE,WED'
DEBUG: Checking is_match for '* * * * MON,TUE,WED' at epoch 1761523200
DEBUG: Processing expression: '* * * * 7/2'
SELF step : $VAR1 = bless( {
                 'type' => 'step'
               }, 'Cron::Toolkit::Tree::CompositePattern' );
SELF step : $VAR1 = bless( {
                 'type' => 'step',
                 'children' => [
                                 bless( {
                                          'value' => '7',
                                          'type' => 'single'
                                        }, 'Cron::Toolkit::Tree::LeafPattern' )
                               ]
               }, 'Cron::Toolkit::Tree::CompositePattern' );
SELF step : $VAR1 = bless( {
                 'type' => 'step'
               }, 'Cron::Toolkit::Tree::CompositePattern' );
SELF step : $VAR1 = bless( {
                 'children' => [
                                 bless( {
                                          'value' => '1',
                                          'type' => 'single'
                                        }, 'Cron::Toolkit::Tree::LeafPattern' )
                               ],
                 'type' => 'step'
               }, 'Cron::Toolkit::Tree::CompositePattern' );
DEBUG: AST for '* * * * 7/2':
root=root, type=root, field_type=undef
  single=single, value=0, type=single, field_type=second
  wildcard=wildcard, value=*, type=wildcard, field_type=minute
  wildcard=wildcard, value=*, type=wildcard, field_type=hour
  unspecified=unspecified, value=?, type=unspecified, field_type=dom
  wildcard=wildcard, value=*, type=wildcard, field_type=month
  step=step, type=step, field_type=dow
    single=single, value=1, type=single, field_type=undef
    step_value=step_value, value=2, type=step_value, field_type=undef
  wildcard=wildcard, value=*, type=wildcard, field_type=year

DEBUG: Generating description for '* * * * 7/2'
DEBUG: Processing expression: '* * * * MON-FRI'
SELF range : $VAR1 = bless( {
                 'type' => 'range'
               }, 'Cron::Toolkit::Tree::CompositePattern' );
SELF range : $VAR1 = bless( {
                 'type' => 'range',
                 'children' => [
                                 bless( {
                                          'type' => 'single',
                                          'value' => '1'
                                        }, 'Cron::Toolkit::Tree::LeafPattern' )
                               ]
               }, 'Cron::Toolkit::Tree::CompositePattern' );
SELF range : $VAR1 = bless( {
                 'type' => 'range'
               }, 'Cron::Toolkit::Tree::CompositePattern' );
SELF range : $VAR1 = bless( {
                 'children' => [
                                 bless( {
                                          'type' => 'single',
                                          'value' => '2'
                                        }, 'Cron::Toolkit::Tree::LeafPattern' )
                               ],
                 'type' => 'range'
               }, 'Cron::Toolkit::Tree::CompositePattern' );
DEBUG: AST for '* * * * MON-FRI':
root=root, type=root, field_type=undef
  single=single, value=0, type=single, field_type=second
  wildcard=wildcard, value=*, type=wildcard, field_type=minute
  wildcard=wildcard, value=*, type=wildcard, field_type=hour
  unspecified=unspecified, value=?, type=unspecified, field_type=dom
  wildcard=wildcard, value=*, type=wildcard, field_type=month
  range=range, type=range, field_type=dow
    single=single, value=2, type=single, field_type=undef
    single=single, value=6, type=single, field_type=undef
  wildcard=wildcard, value=*, type=wildcard, field_type=year

DEBUG: Generating description for '* * * * MON-FRI'
DEBUG: Checking is_match for '* * * * MON-FRI' at epoch 1761206400
DEBUG: Processing expression: '*/10 * * * *'
SELF step : $VAR1 = bless( {
                 'type' => 'step'
               }, 'Cron::Toolkit::Tree::CompositePattern' );
SELF step : $VAR1 = bless( {
                 'type' => 'step',
                 'children' => [
                                 bless( {
                                          'value' => '*',
                                          'type' => 'wildcard'
                                        }, 'Cron::Toolkit::Tree::LeafPattern' )
                               ]
               }, 'Cron::Toolkit::Tree::CompositePattern' );
SELF step : $VAR1 = bless( {
                 'type' => 'step'
               }, 'Cron::Toolkit::Tree::CompositePattern' );
SELF step : $VAR1 = bless( {
                 'type' => 'step',
                 'children' => [
                                 bless( {
                                          'type' => 'wildcard',
                                          'value' => '*'
                                        }, 'Cron::Toolkit::Tree::LeafPattern' )
                               ]
               }, 'Cron::Toolkit::Tree::CompositePattern' );
DEBUG: AST for '*/10 * * * *':
root=root, type=root, field_type=undef
  single=single, value=0, type=single, field_type=second
  step=step, type=step, field_type=minute
    wildcard=wildcard, value=*, type=wildcard, field_type=undef
    step_value=step_value, value=10, type=step_value, field_type=undef
  wildcard=wildcard, value=*, type=wildcard, field_type=hour
  wildcard=wildcard, value=*, type=wildcard, field_type=dom
  wildcard=wildcard, value=*, type=wildcard, field_type=month
  unspecified=unspecified, value=?, type=unspecified, field_type=dow
  wildcard=wildcard, value=*, type=wildcard, field_type=year

DEBUG: Generating description for '*/10 * * * *'
DEBUG: Processing expression: '1-5 * * * *'
SELF range : $VAR1 = bless( {
                 'type' => 'range'
               }, 'Cron::Toolkit::Tree::CompositePattern' );
SELF range : $VAR1 = bless( {
                 'children' => [
                                 bless( {
                                          'value' => '1',
                                          'type' => 'single'
                                        }, 'Cron::Toolkit::Tree::LeafPattern' )
                               ],
                 'type' => 'range'
               }, 'Cron::Toolkit::Tree::CompositePattern' );
SELF range : $VAR1 = bless( {
                 'type' => 'range'
               }, 'Cron::Toolkit::Tree::CompositePattern' );
SELF range : $VAR1 = bless( {
                 'type' => 'range',
                 'children' => [
                                 bless( {
                                          'type' => 'single',
                                          'value' => '1'
                                        }, 'Cron::Toolkit::Tree::LeafPattern' )
                               ]
               }, 'Cron::Toolkit::Tree::CompositePattern' );
DEBUG: AST for '1-5 * * * *':
root=root, type=root, field_type=undef
  single=single, value=0, type=single, field_type=second
  range=range, type=range, field_type=minute
    single=single, value=1, type=single, field_type=undef
    single=single, value=5, type=single, field_type=undef
  wildcard=wildcard, value=*, type=wildcard, field_type=hour
  wildcard=wildcard, value=*, type=wildcard, field_type=dom
  wildcard=wildcard, value=*, type=wildcard, field_type=month
  unspecified=unspecified, value=?, type=unspecified, field_type=dow
  wildcard=wildcard, value=*, type=wildcard, field_type=year

DEBUG: Generating description for '1-5 * * * *'
DEBUG: Checking is_match for '1-5 * * * *' at epoch 1761138060
DEBUG: Processing expression: '30 14 * * *'
DEBUG: AST for '30 14 * * *':
root=root, type=root, field_type=undef
  single=single, value=0, type=single, field_type=second
  single=single, value=30, type=single, field_type=minute
  single=single, value=14, type=single, field_type=hour
  wildcard=wildcard, value=*, type=wildcard, field_type=dom
  wildcard=wildcard, value=*, type=wildcard, field_type=month
  unspecified=unspecified, value=?, type=unspecified, field_type=dow
  wildcard=wildcard, value=*, type=wildcard, field_type=year

DEBUG: Generating description for '30 14 * * *'
DEBUG: Checking is_match for '30 14 * * *' at epoch 1761229800
DEBUG: Processing expression: '30 14 * * 0'
DEBUG: AST for '30 14 * * 0':
root=root, type=root, field_type=undef
  single=single, value=0, type=single, field_type=second
  single=single, value=30, type=single, field_type=minute
  single=single, value=14, type=single, field_type=hour
  unspecified=unspecified, value=?, type=unspecified, field_type=dom
  wildcard=wildcard, value=*, type=wildcard, field_type=month
  single=single, value=1, type=single, field_type=dow
  wildcard=wildcard, value=*, type=wildcard, field_type=year

DEBUG: Generating description for '30 14 * * 0'
DEBUG: Checking is_match for '30 14 * * 0' at epoch 1761489000
DEBUG: Processing expression: '30 14 * * 1-5/2'
SELF range : $VAR1 = bless( {
                 'type' => 'range'
               }, 'Cron::Toolkit::Tree::CompositePattern' );
SELF range : $VAR1 = bless( {
                 'children' => [
                                 bless( {
                                          'type' => 'single',
                                          'value' => '1'
                                        }, 'Cron::Toolkit::Tree::LeafPattern' )
                               ],
                 'type' => 'range'
               }, 'Cron::Toolkit::Tree::CompositePattern' );
SELF step : $VAR1 = bless( {
                 'type' => 'step'
               }, 'Cron::Toolkit::Tree::CompositePattern' );
SELF step : $VAR1 = bless( {
                 'type' => 'step',
                 'children' => [
                                 bless( {
                                          'children' => [
                                                          bless( {
                                                                   'type' => 'single',
                                                                   'value' => '1'
                                                                 }, 'Cron::Toolkit::Tree::LeafPattern' ),
                                                          bless( {
                                                                   'value' => '5',
                                                                   'type' => 'single'
                                                                 }, 'Cron::Toolkit::Tree::LeafPattern' )
                                                        ],
                                          'type' => 'range'
                                        }, 'Cron::Toolkit::Tree::CompositePattern' )
                               ]
               }, 'Cron::Toolkit::Tree::CompositePattern' );
SELF range : $VAR1 = bless( {
                 'type' => 'range'
               }, 'Cron::Toolkit::Tree::CompositePattern' );
SELF range : $VAR1 = bless( {
                 'children' => [
                                 bless( {
                                          'value' => '2',
                                          'type' => 'single'
                                        }, 'Cron::Toolkit::Tree::LeafPattern' )
                               ],
                 'type' => 'range'
               }, 'Cron::Toolkit::Tree::CompositePattern' );
SELF step : $VAR1 = bless( {
                 'type' => 'step'
               }, 'Cron::Toolkit::Tree::CompositePattern' );
SELF step : $VAR1 = bless( {
                 'type' => 'step',
                 'children' => [
                                 bless( {
                                          'children' => [
                                                          bless( {
                                                                   'value' => '2',
                                                                   'type' => 'single'
                                                                 }, 'Cron::Toolkit::Tree::LeafPattern' ),
                                                          bless( {
                                                                   'value' => '6',
                                                                   'type' => 'single'
                                                                 }, 'Cron::Toolkit::Tree::LeafPattern' )
                                                        ],
                                          'type' => 'range'
                                        }, 'Cron::Toolkit::Tree::CompositePattern' )
                               ]
               }, 'Cron::Toolkit::Tree::CompositePattern' );
DEBUG: AST for '30 14 * * 1-5/2':
root=root, type=root, field_type=undef
  single=single, value=0, type=single, field_type=second
  single=single, value=30, type=single, field_type=minute
  single=single, value=14, type=single, field_type=hour
  unspecified=unspecified, value=?, type=unspecified, field_type=dom
  wildcard=wildcard, value=*, type=wildcard, field_type=month
  step=step, type=step, field_type=dow
    range=range, type=range, field_type=undef
      single=single, value=2, type=single, field_type=undef
      single=single, value=6, type=single, field_type=undef
    step_value=step_value, value=2, type=step_value, field_type=undef
  wildcard=wildcard, value=*, type=wildcard, field_type=year

DEBUG: Generating description for '30 14 * * 1-5/2'
DEBUG: Checking is_match for '30 14 * * 1-5/2' at epoch 1761341400
DEBUG: Processing expression: '30 14 * * 5-1'
SELF range : $VAR1 = bless( {
                 'type' => 'range'
               }, 'Cron::Toolkit::Tree::CompositePattern' );
SELF range : $VAR1 = bless( {
                 'type' => 'range',
                 'children' => [
                                 bless( {
                                          'type' => 'single',
                                          'value' => '5'
                                        }, 'Cron::Toolkit::Tree::LeafPattern' )
                               ]
               }, 'Cron::Toolkit::Tree::CompositePattern' );
SELF range : $VAR1 = bless( {
                 'type' => 'range'
               }, 'Cron::Toolkit::Tree::CompositePattern' );
SELF range : $VAR1 = bless( {
                 'type' => 'range',
                 'children' => [
                                 bless( {
                                          'value' => '6',
                                          'type' => 'single'
                                        }, 'Cron::Toolkit::Tree::LeafPattern' )
                               ]
               }, 'Cron::Toolkit::Tree::CompositePattern' );
DEBUG: AST for '30 14 * * 5-1':
root=root, type=root, field_type=undef
  single=single, value=0, type=single, field_type=second
  single=single, value=30, type=single, field_type=minute
  single=single, value=14, type=single, field_type=hour
  unspecified=unspecified, value=?, type=unspecified, field_type=dom
  wildcard=wildcard, value=*, type=wildcard, field_type=month
  range=range, type=range, field_type=dow
    single=single, value=6, type=single, field_type=undef
    single=single, value=2, type=single, field_type=undef
  wildcard=wildcard, value=*, type=wildcard, field_type=year

DEBUG: Generating description for '30 14 * * 5-1'
DEBUG: Processing expression: '30 14 * * MON'
DEBUG: AST for '30 14 * * MON':
root=root, type=root, field_type=undef
  single=single, value=0, type=single, field_type=second
  single=single, value=30, type=single, field_type=minute
  single=single, value=14, type=single, field_type=hour
  unspecified=unspecified, value=?, type=unspecified, field_type=dom
  wildcard=wildcard, value=*, type=wildcard, field_type=month
  single=single, value=2, type=single, field_type=dow
  wildcard=wildcard, value=*, type=wildcard, field_type=year

DEBUG: Generating description for '30 14 * * MON'
DEBUG: Checking is_match for '30 14 * * MON' at epoch 1761575400
DEBUG: Processing expression: '30 14 * * SAT'
DEBUG: AST for '30 14 * * SAT':
root=root, type=root, field_type=undef
  single=single, value=0, type=single, field_type=second
  single=single, value=30, type=single, field_type=minute
  single=single, value=14, type=single, field_type=hour
  unspecified=unspecified, value=?, type=unspecified, field_type=dom
  wildcard=wildcard, value=*, type=wildcard, field_type=month
  single=single, value=7, type=single, field_type=dow
  wildcard=wildcard, value=*, type=wildcard, field_type=year

DEBUG: Generating description for '30 14 * * SAT'
DEBUG: Checking is_match for '30 14 * * SAT' at epoch 1761402600
DEBUG: Processing expression: '30 14 * * SUN'
DEBUG: AST for '30 14 * * SUN':
root=root, type=root, field_type=undef
  single=single, value=0, type=single, field_type=second
  single=single, value=30, type=single, field_type=minute
  single=single, value=14, type=single, field_type=hour
  unspecified=unspecified, value=?, type=unspecified, field_type=dom
  wildcard=wildcard, value=*, type=wildcard, field_type=month
  single=single, value=1, type=single, field_type=dow
  wildcard=wildcard, value=*, type=wildcard, field_type=year

DEBUG: Generating description for '30 14 * * SUN'
DEBUG: Checking is_match for '30 14 * * SUN' at epoch 1761489000
DEBUG: Processing expression: '30 14 * * mOn,WeD,fRi'
SELF list : $VAR1 = bless( {
                 'type' => 'list'
               }, 'Cron::Toolkit::Tree::CompositePattern' );
SELF list : $VAR1 = bless( {
                 'type' => 'list',
                 'children' => [
                                 bless( {
                                          'type' => 'single',
                                          'value' => 2
                                        }, 'Cron::Toolkit::Tree::LeafPattern' )
                               ]
               }, 'Cron::Toolkit::Tree::CompositePattern' );
SELF list : $VAR1 = bless( {
                 'type' => 'list',
                 'children' => [
                                 bless( {
                                          'type' => 'single',
                                          'value' => 2
                                        }, 'Cron::Toolkit::Tree::LeafPattern' ),
                                 bless( {
                                          'type' => 'single',
                                          'value' => 4
                                        }, 'Cron::Toolkit::Tree::LeafPattern' )
                               ]
               }, 'Cron::Toolkit::Tree::CompositePattern' );
SELF list : $VAR1 = bless( {
                 'type' => 'list'
               }, 'Cron::Toolkit::Tree::CompositePattern' );
SELF list : $VAR1 = bless( {
                 'type' => 'list',
                 'children' => [
                                 bless( {
                                          'type' => 'single',
                                          'value' => '2'
                                        }, 'Cron::Toolkit::Tree::LeafPattern' )
                               ]
               }, 'Cron::Toolkit::Tree::CompositePattern' );
SELF list : $VAR1 = bless( {
                 'type' => 'list',
                 'children' => [
                                 bless( {
                                          'type' => 'single',
                                          'value' => '2'
                                        }, 'Cron::Toolkit::Tree::LeafPattern' ),
                                 bless( {
                                          'type' => 'single',
                                          'value' => '4'
                                        }, 'Cron::Toolkit::Tree::LeafPattern' )
                               ]
               }, 'Cron::Toolkit::Tree::CompositePattern' );
DEBUG: AST for '30 14 * * mOn,WeD,fRi':
root=root, type=root, field_type=undef
  single=single, value=0, type=single, field_type=second
  single=single, value=30, type=single, field_type=minute
  single=single, value=14, type=single, field_type=hour
  unspecified=unspecified, value=?, type=unspecified, field_type=dom
  wildcard=wildcard, value=*, type=wildcard, field_type=month
  list=list, type=list, field_type=dow
    single=single, value=2, type=single, field_type=undef
    single=single, value=4, type=single, field_type=undef
    single=single, value=6, type=single, field_type=undef
  wildcard=wildcard, value=*, type=wildcard, field_type=year

DEBUG: Generating description for '30 14 * * mOn,WeD,fRi'
DEBUG: Checking is_match for '30 14 * * mOn,WeD,fRi' at epoch 1761330600
DEBUG: Processing expression: '30 14 * JaN-MaR *'
SELF range : $VAR1 = bless( {
                 'type' => 'range'
               }, 'Cron::Toolkit::Tree::CompositePattern' );
SELF range : $VAR1 = bless( {
                 'type' => 'range',
                 'children' => [
                                 bless( {
                                          'value' => '1',
                                          'type' => 'single'
                                        }, 'Cron::Toolkit::Tree::LeafPattern' )
                               ]
               }, 'Cron::Toolkit::Tree::CompositePattern' );
SELF range : $VAR1 = bless( {
                 'type' => 'range'
               }, 'Cron::Toolkit::Tree::CompositePattern' );
SELF range : $VAR1 = bless( {
                 'children' => [
                                 bless( {
                                          'type' => 'single',
                                          'value' => '1'
                                        }, 'Cron::Toolkit::Tree::LeafPattern' )
                               ],
                 'type' => 'range'
               }, 'Cron::Toolkit::Tree::CompositePattern' );
DEBUG: AST for '30 14 * JaN-MaR *':
root=root, type=root, field_type=undef
  single=single, value=0, type=single, field_type=second
  single=single, value=30, type=single, field_type=minute
  single=single, value=14, type=single, field_type=hour
  wildcard=wildcard, value=*, type=wildcard, field_type=dom
  range=range, type=range, field_type=month
    single=single, value=1, type=single, field_type=undef
    single=single, value=3, type=single, field_type=undef
  unspecified=unspecified, value=?, type=unspecified, field_type=dow
  wildcard=wildcard, value=*, type=wildcard, field_type=year

DEBUG: Generating description for '30 14 * JaN-MaR *'
DEBUG: Checking is_match for '30 14 * JaN-MaR *' at epoch 1769020200
DEBUG: Processing expression: '30 14 * jan Mon'
DEBUG: AST for '30 14 * jan Mon':
root=root, type=root, field_type=undef
  single=single, value=0, type=single, field_type=second
  single=single, value=30, type=single, field_type=minute
  single=single, value=14, type=single, field_type=hour
  unspecified=unspecified, value=?, type=unspecified, field_type=dom
  single=single, value=1, type=single, field_type=month
  single=single, value=2, type=single, field_type=dow
  wildcard=wildcard, value=*, type=wildcard, field_type=year

DEBUG: Generating description for '30 14 * jan Mon'
DEBUG: Checking is_match for '30 14 * jan Mon' at epoch 1767616200
DEBUG: Processing expression: '30 14 1-15/5 * *'
SELF range : $VAR1 = bless( {
                 'type' => 'range'
               }, 'Cron::Toolkit::Tree::CompositePattern' );
SELF range : $VAR1 = bless( {
                 'children' => [
                                 bless( {
                                          'value' => '1',
                                          'type' => 'single'
                                        }, 'Cron::Toolkit::Tree::LeafPattern' )
                               ],
                 'type' => 'range'
               }, 'Cron::Toolkit::Tree::CompositePattern' );
SELF step : $VAR1 = bless( {
                 'type' => 'step'
               }, 'Cron::Toolkit::Tree::CompositePattern' );
SELF step : $VAR1 = bless( {
                 'children' => [
                                 bless( {
                                          'children' => [
                                                          bless( {
                                                                   'value' => '1',
                                                                   'type' => 'single'
                                                                 }, 'Cron::Toolkit::Tree::LeafPattern' ),
                                                          bless( {
                                                                   'type' => 'single',
                                                                   'value' => '15'
                                                                 }, 'Cron::Toolkit::Tree::LeafPattern' )
                                                        ],
                                          'type' => 'range'
                                        }, 'Cron::Toolkit::Tree::CompositePattern' )
                               ],
                 'type' => 'step'
               }, 'Cron::Toolkit::Tree::CompositePattern' );
SELF range : $VAR1 = bless( {
                 'type' => 'range'
               }, 'Cron::Toolkit::Tree::CompositePattern' );
SELF range : $VAR1 = bless( {
                 'children' => [
                                 bless( {
                                          'value' => '1',
                                          'type' => 'single'
                                        }, 'Cron::Toolkit::Tree::LeafPattern' )
                               ],
                 'type' => 'range'
               }, 'Cron::Toolkit::Tree::CompositePattern' );
SELF step : $VAR1 = bless( {
                 'type' => 'step'
               }, 'Cron::Toolkit::Tree::CompositePattern' );
SELF step : $VAR1 = bless( {
                 'children' => [
                                 bless( {
                                          'children' => [
                                                          bless( {
                                                                   'value' => '1',
                                                                   'type' => 'single'
                                                                 }, 'Cron::Toolkit::Tree::LeafPattern' ),
                                                          bless( {
                                                                   'type' => 'single',
                                                                   'value' => '15'
                                                                 }, 'Cron::Toolkit::Tree::LeafPattern' )
                                                        ],
                                          'type' => 'range'
                                        }, 'Cron::Toolkit::Tree::CompositePattern' )
                               ],
                 'type' => 'step'
               }, 'Cron::Toolkit::Tree::CompositePattern' );
DEBUG: AST for '30 14 1-15/5 * *':
root=root, type=root, field_type=undef
  single=single, value=0, type=single, field_type=second
  single=single, value=30, type=single, field_type=minute
  single=single, value=14, type=single, field_type=hour
  step=step, type=step, field_type=dom
    range=range, type=range, field_type=undef
      single=single, value=1, type=single, field_type=undef
      single=single, value=15, type=single, field_type=undef
    step_value=step_value, value=5, type=step_value, field_type=undef
  wildcard=wildcard, value=*, type=wildcard, field_type=month
  unspecified=unspecified, value=?, type=unspecified, field_type=dow
  wildcard=wildcard, value=*, type=wildcard, field_type=year

DEBUG: Generating description for '30 14 1-15/5 * *'
DEBUG: Checking is_match for '30 14 1-15/5 * *' at epoch 1762007400
DEBUG: Processing expression: '30 14 15 * ?'
DEBUG: AST for '30 14 15 * ?':
root=root, type=root, field_type=undef
  single=single, value=0, type=single, field_type=second
  single=single, value=30, type=single, field_type=minute
  single=single, value=14, type=single, field_type=hour
  single=single, value=15, type=single, field_type=dom
  wildcard=wildcard, value=*, type=wildcard, field_type=month
  unspecified=unspecified, value=?, type=unspecified, field_type=dow
  wildcard=wildcard, value=*, type=wildcard, field_type=year

DEBUG: Generating description for '30 14 15 * ?'
DEBUG: Checking is_match for '30 14 15 * ?' at epoch 1763209800
DEBUG: Processing expression: '30 14 ? * MON'
DEBUG: AST for '30 14 ? * MON':
root=root, type=root, field_type=undef
  single=single, value=0, type=single, field_type=second
  single=single, value=30, type=single, field_type=minute
  single=single, value=14, type=single, field_type=hour
  unspecified=unspecified, value=?, type=unspecified, field_type=dom
  wildcard=wildcard, value=*, type=wildcard, field_type=month
  single=single, value=2, type=single, field_type=dow
  wildcard=wildcard, value=*, type=wildcard, field_type=year

DEBUG: Generating description for '30 14 ? * MON'
DEBUG: Checking is_match for '30 14 ? * MON' at epoch 1761600600
DEBUG: Processing expression: '30 14 1-5 * 1-5'
SELF range : $VAR1 = bless( {
                 'type' => 'range'
               }, 'Cron::Toolkit::Tree::CompositePattern' );
SELF range : $VAR1 = bless( {
                 'type' => 'range',
                 'children' => [
                                 bless( {
                                          'value' => '1',
                                          'type' => 'single'
                                        }, 'Cron::Toolkit::Tree::LeafPattern' )
                               ]
               }, 'Cron::Toolkit::Tree::CompositePattern' );
SELF range : $VAR1 = bless( {
                 'type' => 'range'
               }, 'Cron::Toolkit::Tree::CompositePattern' );
SELF range : $VAR1 = bless( {
                 'type' => 'range',
                 'children' => [
                                 bless( {
                                          'value' => '1',
                                          'type' => 'single'
                                        }, 'Cron::Toolkit::Tree::LeafPattern' )
                               ]
               }, 'Cron::Toolkit::Tree::CompositePattern' );
SELF range : $VAR1 = bless( {
                 'type' => 'range'
               }, 'Cron::Toolkit::Tree::CompositePattern' );
SELF range : $VAR1 = bless( {
                 'type' => 'range',
                 'children' => [
                                 bless( {
                                          'value' => '1',
                                          'type' => 'single'
                                        }, 'Cron::Toolkit::Tree::LeafPattern' )
                               ]
               }, 'Cron::Toolkit::Tree::CompositePattern' );
SELF range : $VAR1 = bless( {
                 'type' => 'range'
               }, 'Cron::Toolkit::Tree::CompositePattern' );
SELF range : $VAR1 = bless( {
                 'children' => [
                                 bless( {
                                          'value' => '2',
                                          'type' => 'single'
                                        }, 'Cron::Toolkit::Tree::LeafPattern' )
                               ],
                 'type' => 'range'
               }, 'Cron::Toolkit::Tree::CompositePattern' );
DEBUG: AST for '30 14 1-5 * 1-5':
root=root, type=root, field_type=undef
  single=single, value=0, type=single, field_type=second
  single=single, value=30, type=single, field_type=minute
  single=single, value=14, type=single, field_type=hour
  range=range, type=range, field_type=dom
    single=single, value=1, type=single, field_type=undef
    single=single, value=5, type=single, field_type=undef
  wildcard=wildcard, value=*, type=wildcard, field_type=month
  range=range, type=range, field_type=dow
    single=single, value=2, type=single, field_type=undef
    single=single, value=6, type=single, field_type=undef
  wildcard=wildcard, value=*, type=wildcard, field_type=year

DEBUG: Generating description for '30 14 1-5 * 1-5'
DEBUG: Checking is_match for '30 14 1-5 * 1-5' at epoch 1762180200
DEBUG: Processing expression: '*/15 * * * * ?'
SELF step : $VAR1 = bless( {
                 'type' => 'step'
               }, 'Cron::Toolkit::Tree::CompositePattern' );
SELF step : $VAR1 = bless( {
                 'type' => 'step',
                 'children' => [
                                 bless( {
                                          'value' => '*',
                                          'type' => 'wildcard'
                                        }, 'Cron::Toolkit::Tree::LeafPattern' )
                               ]
               }, 'Cron::Toolkit::Tree::CompositePattern' );
SELF step : $VAR1 = bless( {
                 'type' => 'step'
               }, 'Cron::Toolkit::Tree::CompositePattern' );
SELF step : $VAR1 = bless( {
                 'children' => [
                                 bless( {
                                          'type' => 'wildcard',
                                          'value' => '*'
                                        }, 'Cron::Toolkit::Tree::LeafPattern' )
                               ],
                 'type' => 'step'
               }, 'Cron::Toolkit::Tree::CompositePattern' );
DEBUG: AST for '*/15 * * * * ?':
root=root, type=root, field_type=undef
  step=step, type=step, field_type=second
    wildcard=wildcard, value=*, type=wildcard, field_type=undef
    step_value=step_value, value=15, type=step_value, field_type=undef
  wildcard=wildcard, value=*, type=wildcard, field_type=minute
  wildcard=wildcard, value=*, type=wildcard, field_type=hour
  wildcard=wildcard, value=*, type=wildcard, field_type=dom
  wildcard=wildcard, value=*, type=wildcard, field_type=month
  unspecified=unspecified, value=?, type=unspecified, field_type=dow
  wildcard=wildcard, value=*, type=wildcard, field_type=year

DEBUG: Generating description for '*/15 * * * * ?'
DEBUG: Checking is_match for '*/15 * * * * ?' at epoch 1761174015
DEBUG: Processing expression: '0 0 * * * ?'
DEBUG: AST for '0 0 * * * ?':
root=root, type=root, field_type=undef
  single=single, value=0, type=single, field_type=second
  single=single, value=0, type=single, field_type=minute
  wildcard=wildcard, value=*, type=wildcard, field_type=hour
  wildcard=wildcard, value=*, type=wildcard, field_type=dom
  wildcard=wildcard, value=*, type=wildcard, field_type=month
  unspecified=unspecified, value=?, type=unspecified, field_type=dow
  wildcard=wildcard, value=*, type=wildcard, field_type=year

DEBUG: Generating description for '0 0 * * * ?'
DEBUG: Checking is_match for '0 0 * * * ?' at epoch 1761138000
DEBUG: Processing expression: '0 0 * */31 * ? *'
SELF step : $VAR1 = bless( {
                 'type' => 'step'
               }, 'Cron::Toolkit::Tree::CompositePattern' );
SELF step : $VAR1 = bless( {
                 'type' => 'step',
                 'children' => [
                                 bless( {
                                          'type' => 'wildcard',
                                          'value' => '*'
                                        }, 'Cron::Toolkit::Tree::LeafPattern' )
                               ]
               }, 'Cron::Toolkit::Tree::CompositePattern' );
SELF step : $VAR1 = bless( {
                 'type' => 'step'
               }, 'Cron::Toolkit::Tree::CompositePattern' );
SELF step : $VAR1 = bless( {
                 'children' => [
                                 bless( {
                                          'type' => 'wildcard',
                                          'value' => '*'
                                        }, 'Cron::Toolkit::Tree::LeafPattern' )
                               ],
                 'type' => 'step'
               }, 'Cron::Toolkit::Tree::CompositePattern' );
DEBUG: AST for '0 0 * */31 * ? *':
root=root, type=root, field_type=undef
  single=single, value=0, type=single, field_type=second
  single=single, value=0, type=single, field_type=minute
  wildcard=wildcard, value=*, type=wildcard, field_type=hour
  step=step, type=step, field_type=dom
    wildcard=wildcard, value=*, type=wildcard, field_type=undef
    step_value=step_value, value=31, type=step_value, field_type=undef
  wildcard=wildcard, value=*, type=wildcard, field_type=month
  unspecified=unspecified, value=?, type=unspecified, field_type=dow
  wildcard=wildcard, value=*, type=wildcard, field_type=year

DEBUG: Generating description for '0 0 * */31 * ? *'
DEBUG: Checking is_match for '0 0 * */31 * ? *' at epoch 1761868800
DEBUG: Processing expression: '0 0 */3 * * ? *'
SELF step : $VAR1 = bless( {
                 'type' => 'step'
               }, 'Cron::Toolkit::Tree::CompositePattern' );
SELF step : $VAR1 = bless( {
                 'children' => [
                                 bless( {
                                          'type' => 'wildcard',
                                          'value' => '*'
                                        }, 'Cron::Toolkit::Tree::LeafPattern' )
                               ],
                 'type' => 'step'
               }, 'Cron::Toolkit::Tree::CompositePattern' );
SELF step : $VAR1 = bless( {
                 'type' => 'step'
               }, 'Cron::Toolkit::Tree::CompositePattern' );
SELF step : $VAR1 = bless( {
                 'type' => 'step',
                 'children' => [
                                 bless( {
                                          'type' => 'wildcard',
                                          'value' => '*'
                                        }, 'Cron::Toolkit::Tree::LeafPattern' )
                               ]
               }, 'Cron::Toolkit::Tree::CompositePattern' );
DEBUG: AST for '0 0 */3 * * ? *':
root=root, type=root, field_type=undef
  single=single, value=0, type=single, field_type=second
  single=single, value=0, type=single, field_type=minute
  step=step, type=step, field_type=hour
    wildcard=wildcard, value=*, type=wildcard, field_type=undef
    step_value=step_value, value=3, type=step_value, field_type=undef
  wildcard=wildcard, value=*, type=wildcard, field_type=dom
  wildcard=wildcard, value=*, type=wildcard, field_type=month
  unspecified=unspecified, value=?, type=unspecified, field_type=dow
  wildcard=wildcard, value=*, type=wildcard, field_type=year

DEBUG: Generating description for '0 0 */3 * * ? *'
DEBUG: Checking is_match for '0 0 */3 * * ? *' at epoch 1761177600
DEBUG: Processing expression: '0 0 0 * * ? *'
DEBUG: AST for '0 0 0 * * ? *':
root=root, type=root, field_type=undef
  single=single, value=0, type=single, field_type=second
  single=single, value=0, type=single, field_type=minute
  single=single, value=0, type=single, field_type=hour
  wildcard=wildcard, value=*, type=wildcard, field_type=dom
  wildcard=wildcard, value=*, type=wildcard, field_type=month
  unspecified=unspecified, value=?, type=unspecified, field_type=dow
  wildcard=wildcard, value=*, type=wildcard, field_type=year

DEBUG: Generating description for '0 0 0 * * ? *'
DEBUG: Checking is_match for '0 0 0 * * ? *' at epoch 1761195600
DEBUG: Processing expression: '0 0 0 * * ? 2023'
DEBUG: AST for '0 0 0 * * ? 2023':
root=root, type=root, field_type=undef
  single=single, value=0, type=single, field_type=second
  single=single, value=0, type=single, field_type=minute
  single=single, value=0, type=single, field_type=hour
  wildcard=wildcard, value=*, type=wildcard, field_type=dom
  wildcard=wildcard, value=*, type=wildcard, field_type=month
  unspecified=unspecified, value=?, type=unspecified, field_type=dow
  single=single, value=2023, type=single, field_type=year

DEBUG: Generating description for '0 0 0 * * ? 2023'
DEBUG: Checking is_match for '0 0 0 * * ? 2023' at epoch 1674622800
DEBUG: Processing expression: '0 0 0 * * ? 2025'
DEBUG: AST for '0 0 0 * * ? 2025':
root=root, type=root, field_type=undef
  single=single, value=0, type=single, field_type=second
  single=single, value=0, type=single, field_type=minute
  single=single, value=0, type=single, field_type=hour
  wildcard=wildcard, value=*, type=wildcard, field_type=dom
  wildcard=wildcard, value=*, type=wildcard, field_type=month
  unspecified=unspecified, value=?, type=unspecified, field_type=dow
  single=single, value=2025, type=single, field_type=year

DEBUG: Generating description for '0 0 0 * * ? 2025'
DEBUG: Checking is_match for '0 0 0 * * ? 2025' at epoch 1761192000
DEBUG: Processing expression: '0 0 0 * 11/3 ? *'
SELF step : $VAR1 = bless( {
                 'type' => 'step'
               }, 'Cron::Toolkit::Tree::CompositePattern' );
SELF step : $VAR1 = bless( {
                 'type' => 'step',
                 'children' => [
                                 bless( {
                                          'value' => '11',
                                          'type' => 'single'
                                        }, 'Cron::Toolkit::Tree::LeafPattern' )
                               ]
               }, 'Cron::Toolkit::Tree::CompositePattern' );
SELF step : $VAR1 = bless( {
                 'type' => 'step'
               }, 'Cron::Toolkit::Tree::CompositePattern' );
SELF step : $VAR1 = bless( {
                 'type' => 'step',
                 'children' => [
                                 bless( {
                                          'value' => '11',
                                          'type' => 'single'
                                        }, 'Cron::Toolkit::Tree::LeafPattern' )
                               ]
               }, 'Cron::Toolkit::Tree::CompositePattern' );
DEBUG: AST for '0 0 0 * 11/3 ? *':
root=root, type=root, field_type=undef
  single=single, value=0, type=single, field_type=second
  single=single, value=0, type=single, field_type=minute
  single=single, value=0, type=single, field_type=hour
  wildcard=wildcard, value=*, type=wildcard, field_type=dom
  step=step, type=step, field_type=month
    single=single, value=11, type=single, field_type=undef
    step_value=step_value, value=3, type=step_value, field_type=undef
  unspecified=unspecified, value=?, type=unspecified, field_type=dow
  wildcard=wildcard, value=*, type=wildcard, field_type=year

DEBUG: Generating description for '0 0 0 * 11/3 ? *'
DEBUG: Processing expression: '0 0 0 1 JAN ? *'
DEBUG: AST for '0 0 0 1 JAN ? *':
root=root, type=root, field_type=undef
  single=single, value=0, type=single, field_type=second
  single=single, value=0, type=single, field_type=minute
  single=single, value=0, type=single, field_type=hour
  single=single, value=1, type=single, field_type=dom
  single=single, value=1, type=single, field_type=month
  unspecified=unspecified, value=?, type=unspecified, field_type=dow
  wildcard=wildcard, value=*, type=wildcard, field_type=year

DEBUG: Generating description for '0 0 0 1 JAN ? *'
DEBUG: Checking is_match for '0 0 0 1 JAN ? *' at epoch 1767193200
DEBUG: Processing expression: '0 0 0 16W * ? *'
DEBUG: AST for '0 0 0 16W * ? *':
root=root, type=root, field_type=undef
  single=single, value=0, type=single, field_type=second
  single=single, value=0, type=single, field_type=minute
  single=single, value=0, type=single, field_type=hour
  nearest_weekday=nearest_weekday, value=16W, type=nearest_weekday, field_type=dom
  wildcard=wildcard, value=*, type=wildcard, field_type=month
  unspecified=unspecified, value=?, type=unspecified, field_type=dow
  wildcard=wildcard, value=*, type=wildcard, field_type=year

DEBUG: Generating description for '0 0 0 16W * ? *'
DEBUG: Checking is_match for '0 0 0 16W * ? *' at epoch 1763352000
DEBUG: Processing expression: '0 0 0 29 FEB ? *'
DEBUG: AST for '0 0 0 29 FEB ? *':
root=root, type=root, field_type=undef
  single=single, value=0, type=single, field_type=second
  single=single, value=0, type=single, field_type=minute
  single=single, value=0, type=single, field_type=hour
  single=single, value=29, type=single, field_type=dom
  single=single, value=2, type=single, field_type=month
  unspecified=unspecified, value=?, type=unspecified, field_type=dow
  wildcard=wildcard, value=*, type=wildcard, field_type=year

DEBUG: Generating description for '0 0 0 29 FEB ? *'
DEBUG: Processing expression: '0 0 0 L * ? *'
DEBUG: AST for '0 0 0 L * ? *':
root=root, type=root, field_type=undef
  single=single, value=0, type=single, field_type=second
  single=single, value=0, type=single, field_type=minute
  single=single, value=0, type=single, field_type=hour
  last=last, value=L, type=last, field_type=dom
  wildcard=wildcard, value=*, type=wildcard, field_type=month
  unspecified=unspecified, value=?, type=unspecified, field_type=dow
  wildcard=wildcard, value=*, type=wildcard, field_type=year

DEBUG: Generating description for '0 0 0 L * ? *'
DEBUG: Checking is_match for '0 0 0 L * ? *' at epoch 1761897600
DEBUG: Processing expression: '0 0 0 L-2 * ? *'
DEBUG: AST for '0 0 0 L-2 * ? *':
root=root, type=root, field_type=undef
  single=single, value=0, type=single, field_type=second
  single=single, value=0, type=single, field_type=minute
  single=single, value=0, type=single, field_type=hour
  last=last, value=L-2, type=last, field_type=dom
  wildcard=wildcard, value=*, type=wildcard, field_type=month
  unspecified=unspecified, value=?, type=unspecified, field_type=dow
  wildcard=wildcard, value=*, type=wildcard, field_type=year

DEBUG: Generating description for '0 0 0 L-2 * ? *'
DEBUG: Checking is_match for '0 0 0 L-2 * ? *' at epoch 1761696000
DEBUG: Processing expression: '0 0 0 LW * ? *'
DEBUG: AST for '0 0 0 LW * ? *':
root=root, type=root, field_type=undef
  single=single, value=0, type=single, field_type=second
  single=single, value=0, type=single, field_type=minute
  single=single, value=0, type=single, field_type=hour
  lastW=lastW, value=LW, type=lastW, field_type=dom
  wildcard=wildcard, value=*, type=wildcard, field_type=month
  unspecified=unspecified, value=?, type=unspecified, field_type=dow
  wildcard=wildcard, value=*, type=wildcard, field_type=year

DEBUG: Generating description for '0 0 0 LW * ? *'
DEBUG: Checking is_match for '0 0 0 LW * ? *' at epoch 1761868800
DEBUG: Processing expression: '0 0 0 LW 6 ? *'
DEBUG: AST for '0 0 0 LW 6 ? *':
root=root, type=root, field_type=undef
  single=single, value=0, type=single, field_type=second
  single=single, value=0, type=single, field_type=minute
  single=single, value=0, type=single, field_type=hour
  lastW=lastW, value=LW, type=lastW, field_type=dom
  single=single, value=6, type=single, field_type=month
  unspecified=unspecified, value=?, type=unspecified, field_type=dow
  wildcard=wildcard, value=*, type=wildcard, field_type=year

DEBUG: Generating description for '0 0 0 LW 6 ? *'
DEBUG: Checking is_match for '0 0 0 LW 6 ? *' at epoch 1782774000
DEBUG: Processing expression: '0 0 10-14 * * ?'
SELF range : $VAR1 = bless( {
                 'type' => 'range'
               }, 'Cron::Toolkit::Tree::CompositePattern' );
SELF range : $VAR1 = bless( {
                 'type' => 'range',
                 'children' => [
                                 bless( {
                                          'value' => '10',
                                          'type' => 'single'
                                        }, 'Cron::Toolkit::Tree::LeafPattern' )
                               ]
               }, 'Cron::Toolkit::Tree::CompositePattern' );
SELF range : $VAR1 = bless( {
                 'type' => 'range'
               }, 'Cron::Toolkit::Tree::CompositePattern' );
SELF range : $VAR1 = bless( {
                 'type' => 'range',
                 'children' => [
                                 bless( {
                                          'value' => '10',
                                          'type' => 'single'
                                        }, 'Cron::Toolkit::Tree::LeafPattern' )
                               ]
               }, 'Cron::Toolkit::Tree::CompositePattern' );
DEBUG: AST for '0 0 10-14 * * ?':
root=root, type=root, field_type=undef
  single=single, value=0, type=single, field_type=second
  single=single, value=0, type=single, field_type=minute
  range=range, type=range, field_type=hour
    single=single, value=10, type=single, field_type=undef
    single=single, value=14, type=single, field_type=undef
  wildcard=wildcard, value=*, type=wildcard, field_type=dom
  wildcard=wildcard, value=*, type=wildcard, field_type=month
  unspecified=unspecified, value=?, type=unspecified, field_type=dow
  wildcard=wildcard, value=*, type=wildcard, field_type=year

DEBUG: Generating description for '0 0 10-14 * * ?'
DEBUG: Checking is_match for '0 0 10-14 * * ?' at epoch 1761238800
DEBUG: Processing expression: '0 30 14 * * ?'
DEBUG: AST for '0 30 14 * * ?':
root=root, type=root, field_type=undef
  single=single, value=0, type=single, field_type=second
  single=single, value=30, type=single, field_type=minute
  single=single, value=14, type=single, field_type=hour
  wildcard=wildcard, value=*, type=wildcard, field_type=dom
  wildcard=wildcard, value=*, type=wildcard, field_type=month
  unspecified=unspecified, value=?, type=unspecified, field_type=dow
  wildcard=wildcard, value=*, type=wildcard, field_type=year

DEBUG: Generating description for '0 30 14 * * ?'
DEBUG: Checking is_match for '0 30 14 * * ?' at epoch 1761229800
DEBUG: Processing expression: '0 30 14 * * ? 2025'
DEBUG: AST for '0 30 14 * * ? 2025':
root=root, type=root, field_type=undef
  single=single, value=0, type=single, field_type=second
  single=single, value=30, type=single, field_type=minute
  single=single, value=14, type=single, field_type=hour
  wildcard=wildcard, value=*, type=wildcard, field_type=dom
  wildcard=wildcard, value=*, type=wildcard, field_type=month
  unspecified=unspecified, value=?, type=unspecified, field_type=dow
  single=single, value=2025, type=single, field_type=year

DEBUG: Generating description for '0 30 14 * * ? 2025'
DEBUG: Checking is_match for '0 30 14 * * ? 2025' at epoch 1761229800
DEBUG: Processing expression: '0 30 14 ? * 6'
DEBUG: AST for '0 30 14 ? * 6':
root=root, type=root, field_type=undef
  single=single, value=0, type=single, field_type=second
  single=single, value=30, type=single, field_type=minute
  single=single, value=14, type=single, field_type=hour
  unspecified=unspecified, value=?, type=unspecified, field_type=dom
  wildcard=wildcard, value=*, type=wildcard, field_type=month
  single=single, value=6, type=single, field_type=dow
  wildcard=wildcard, value=*, type=wildcard, field_type=year

DEBUG: Generating description for '0 30 14 ? * 6'
DEBUG: Checking is_match for '0 30 14 ? * 6' at epoch 1761316200
DEBUG: Processing expression: '0 30 14 ? * MON *'
DEBUG: AST for '0 30 14 ? * MON *':
root=root, type=root, field_type=undef
  single=single, value=0, type=single, field_type=second
  single=single, value=30, type=single, field_type=minute
  single=single, value=14, type=single, field_type=hour
  unspecified=unspecified, value=?, type=unspecified, field_type=dom
  wildcard=wildcard, value=*, type=wildcard, field_type=month
  single=single, value=2, type=single, field_type=dow
  wildcard=wildcard, value=*, type=wildcard, field_type=year

DEBUG: Generating description for '0 30 14 ? * MON *'
DEBUG: Checking is_match for '0 30 14 ? * MON *' at epoch 1761543000
DEBUG: Processing expression: '30 14 1-5 * 1-5'
SELF range : $VAR1 = bless( {
                 'type' => 'range'
               }, 'Cron::Toolkit::Tree::CompositePattern' );
SELF range : $VAR1 = bless( {
                 'type' => 'range',
                 'children' => [
                                 bless( {
                                          'type' => 'single',
                                          'value' => '1'
                                        }, 'Cron::Toolkit::Tree::LeafPattern' )
                               ]
               }, 'Cron::Toolkit::Tree::CompositePattern' );
SELF range : $VAR1 = bless( {
                 'type' => 'range'
               }, 'Cron::Toolkit::Tree::CompositePattern' );
SELF range : $VAR1 = bless( {
                 'type' => 'range',
                 'children' => [
                                 bless( {
                                          'type' => 'single',
                                          'value' => '1'
                                        }, 'Cron::Toolkit::Tree::LeafPattern' )
                               ]
               }, 'Cron::Toolkit::Tree::CompositePattern' );
SELF range : $VAR1 = bless( {
                 'type' => 'range'
               }, 'Cron::Toolkit::Tree::CompositePattern' );
SELF range : $VAR1 = bless( {
                 'type' => 'range',
                 'children' => [
                                 bless( {
                                          'value' => '1',
                                          'type' => 'single'
                                        }, 'Cron::Toolkit::Tree::LeafPattern' )
                               ]
               }, 'Cron::Toolkit::Tree::CompositePattern' );
SELF range : $VAR1 = bless( {
                 'type' => 'range'
               }, 'Cron::Toolkit::Tree::CompositePattern' );
SELF range : $VAR1 = bless( {
                 'children' => [
                                 bless( {
                                          'value' => '2',
                                          'type' => 'single'
                                        }, 'Cron::Toolkit::Tree::LeafPattern' )
                               ],
                 'type' => 'range'
               }, 'Cron::Toolkit::Tree::CompositePattern' );
DEBUG: AST for '30 14 1-5 * 1-5':
root=root, type=root, field_type=undef
  single=single, value=0, type=single, field_type=second
  single=single, value=30, type=single, field_type=minute
  single=single, value=14, type=single, field_type=hour
  range=range, type=range, field_type=dom
    single=single, value=1, type=single, field_type=undef
    single=single, value=5, type=single, field_type=undef
  wildcard=wildcard, value=*, type=wildcard, field_type=month
  range=range, type=range, field_type=dow
    single=single, value=2, type=single, field_type=undef
    single=single, value=6, type=single, field_type=undef
  wildcard=wildcard, value=*, type=wildcard, field_type=year

DEBUG: Generating description for '30 14 1-5 * 1-5'
DEBUG: Checking is_match for '30 14 1-5 * 1-5' at epoch 1762147800
DEBUG: Processing expression: '58/3 * * * * ? *'
SELF step : $VAR1 = bless( {
                 'type' => 'step'
               }, 'Cron::Toolkit::Tree::CompositePattern' );
SELF step : $VAR1 = bless( {
                 'type' => 'step',
                 'children' => [
                                 bless( {
                                          'type' => 'single',
                                          'value' => '58'
                                        }, 'Cron::Toolkit::Tree::LeafPattern' )
                               ]
               }, 'Cron::Toolkit::Tree::CompositePattern' );
SELF step : $VAR1 = bless( {
                 'type' => 'step'
               }, 'Cron::Toolkit::Tree::CompositePattern' );
SELF step : $VAR1 = bless( {
                 'type' => 'step',
                 'children' => [
                                 bless( {
                                          'type' => 'single',
                                          'value' => '58'
                                        }, 'Cron::Toolkit::Tree::LeafPattern' )
                               ]
               }, 'Cron::Toolkit::Tree::CompositePattern' );
DEBUG: AST for '58/3 * * * * ? *':
root=root, type=root, field_type=undef
  step=step, type=step, field_type=second
    single=single, value=58, type=single, field_type=undef
    step_value=step_value, value=3, type=step_value, field_type=undef
  wildcard=wildcard, value=*, type=wildcard, field_type=minute
  wildcard=wildcard, value=*, type=wildcard, field_type=hour
  wildcard=wildcard, value=*, type=wildcard, field_type=dom
  wildcard=wildcard, value=*, type=wildcard, field_type=month
  unspecified=unspecified, value=?, type=unspecified, field_type=dow
  wildcard=wildcard, value=*, type=wildcard, field_type=year

DEBUG: Generating description for '58/3 * * * * ? *'
DEBUG: Processing expression: '@daily'
DEBUG: AST for '@daily':
root=root, type=root, field_type=undef
  single=single, value=0, type=single, field_type=second
  single=single, value=0, type=single, field_type=minute
  single=single, value=0, type=single, field_type=hour
  wildcard=wildcard, value=*, type=wildcard, field_type=dom
  wildcard=wildcard, value=*, type=wildcard, field_type=month
  unspecified=unspecified, value=?, type=unspecified, field_type=dow
  wildcard=wildcard, value=*, type=wildcard, field_type=year

DEBUG: Generating description for '@daily'
DEBUG: Checking is_match for '@daily' at epoch 1761145200
DEBUG: Processing expression: '@hourly'
DEBUG: AST for '@hourly':
root=root, type=root, field_type=undef
  single=single, value=0, type=single, field_type=second
  single=single, value=0, type=single, field_type=minute
  wildcard=wildcard, value=*, type=wildcard, field_type=hour
  wildcard=wildcard, value=*, type=wildcard, field_type=dom
  wildcard=wildcard, value=*, type=wildcard, field_type=month
  unspecified=unspecified, value=?, type=unspecified, field_type=dow
  wildcard=wildcard, value=*, type=wildcard, field_type=year

DEBUG: Generating description for '@hourly'
DEBUG: Checking is_match for '@hourly' at epoch 1761145200
DEBUG: Processing expression: '@yearly'
DEBUG: AST for '@yearly':
root=root, type=root, field_type=undef
  single=single, value=0, type=single, field_type=second
  single=single, value=0, type=single, field_type=minute
  single=single, value=0, type=single, field_type=hour
  single=single, value=1, type=single, field_type=dom
  single=single, value=1, type=single, field_type=month
  unspecified=unspecified, value=?, type=unspecified, field_type=dow
  wildcard=wildcard, value=*, type=wildcard, field_type=year

DEBUG: Generating description for '@yearly'
DEBUG: Checking is_match for '@yearly' at epoch 1767193200
DEBUG: Processing expression: '0 0 0 29 2 ? *'
DEBUG: AST for '0 0 0 29 2 ? *':
root=root, type=root, field_type=undef
  single=single, value=0, type=single, field_type=second
  single=single, value=0, type=single, field_type=minute
  single=single, value=0, type=single, field_type=hour
  single=single, value=29, type=single, field_type=dom
  single=single, value=2, type=single, field_type=month
  unspecified=unspecified, value=?, type=unspecified, field_type=dow
  wildcard=wildcard, value=*, type=wildcard, field_type=year

DEBUG: Generating description for '0 0 0 29 2 ? *'
DEBUG: Processing expression: '0 0 1 * * 1'
DEBUG: AST for '0 0 1 * * 1':
root=root, type=root, field_type=undef
  single=single, value=0, type=single, field_type=second
  single=single, value=0, type=single, field_type=minute
  single=single, value=1, type=single, field_type=hour
  unspecified=unspecified, value=?, type=unspecified, field_type=dom
  wildcard=wildcard, value=*, type=wildcard, field_type=month
  single=single, value=1, type=single, field_type=dow
  wildcard=wildcard, value=*, type=wildcard, field_type=year

DEBUG: Generating description for '0 0 1 * * 1'
DEBUG: Checking is_match for '0 0 1 * * 1' at epoch 1761454800
DEBUG: Processing expression: '30 14 * JAN FOO'
DEBUG: Error for '30 14 * JAN FOO': Invalid characters
DEBUG: Processing expression: '30 14 * XYZ MON'
DEBUG: Error for '30 14 * XYZ MON': Invalid characters
DEBUG: Processing expression: '@bogus'
DEBUG: Error for '@bogus': expected 5-7 fields
DEBUG: Processing expression: '@monthly'
DEBUG: Error for '@monthly': Syntax: ? only allowed in dow or dom, not month
DEBUG: Processing expression: '0 0 0 * * 1#2 ?'
DEBUG: Error for '0 0 0 * * 1#2 ?': Syntax: ? only allowed in dow or dom, not year
DEBUG: Processing expression: '0 0 0 * * 2 ?'
DEBUG: Error for '0 0 0 * * 2 ?': Syntax: ? only allowed in dow or dom, not year
DEBUG: Processing expression: '0 0 0 1,15 * * ?'
DEBUG: Error for '0 0 0 1,15 * * ?': Syntax: ? only allowed in dow or dom, not year
